make all --print-data-base --no-builtin-variables --no-builtin-rules --question
# GNU Make 3.81
# Copyright (C) 2006  Free Software Foundation, Inc.
# This is free software; see the source for copying conditions.
# There is NO warranty; not even for MERCHANTABILITY or FITNESS FOR A
# PARTICULAR PURPOSE.

# This program built for i386-apple-darwin11.3.0
 

# Make data base, printed on Tue Jul 12 11:07:29 2022

# Variables

# automatic
<D = $(patsubst %/,%,$(dir $<))
# automatic
?F = $(notdir $?)
# makefile (from `makefile', line 2)
TARGET = proj4
# automatic
?D = $(patsubst %/,%,$(dir $?))
# makefile (from `makefile', line 8)
CPPFLAGS = -Wall -I. -g
# makefile (from `makefile', line 12)
INCLUDES := App.h Vec.h
# automatic
@D = $(patsubst %/,%,$(dir $@))
# automatic
@F = $(notdir $@)
# makefile
CURDIR := /Users/vtn2/classes/cs112/cs112-assignment-repos/cs112-proj4-assignment
# makefile
SHELL = /bin/sh
# environment
VSCODE_NLS_CONFIG = {"locale":"en-us","availableLanguages":{},"_languagePackSupport":true}
# environment
 
_ = /usr/bin/make
# makefile (from `makefile', line 14)
rm = rm -f
# makefile (from `makefile', line 1)
MAKEFILE_LIST :=  makefile
# makefile (from `makefile', line 5)
SOURCES = Vec.cpp App.cpp
# environment
__CFBundleIdentifier = com.microsoft.VSCode
# makefile (from `makefile', line 7)
CPP = g++ --std=c++11 -c
# environment
VSCODE_CWD = /
# environment
PATH = /usr/bin:/bin:/usr/sbin:/sbin:/usr/local/bin
# environment
LaunchInstanceID = 04B375AF-DEB7-4F5A-8A32-B8059713ED81
# environment
ELECTRON_RUN_AS_NODE = 1
# default
.FEATURES := target-specific order-only second-expansion else-if archives jobserver check-symlink
# environment
SSH_AUTH_SOCK = /private/tmp/com.apple.launchd.25I0ZIjC5l/Listeners
# automatic
%F = $(notdir $%)
# environment
DISPLAY = /private/tmp/com.apple.launchd.BiaG75Lmee/org.xquartz:0
# environment
PWD = /Users/vtn2/classes/cs112/cs112-assignment-repos/cs112-proj4-assignment
# environment
ORIGINAL_XDG_CURRENT_DESKTOP = undefined
# environment
VSCODE_AMD_ENTRYPOINT = vs/workbench/api/node/extensionHostProcess
# environment
HOME = /Users/vtn2
# default
MAKEFILEPATH := /Applications/Xcode.app/Contents/Developer/Makefiles
# environment
VSCODE_CODE_CACHE_PATH = /Users/vtn2/Library/Application Support/Code/CachedData/92d25e35d9bf1a6b16f7d0758f25d48ace11e5b9
# environment
LOGNAME = vtn2
# environment
APPLICATION_INSIGHTS_NO_DIAGNOSTIC_CHANNEL = 1
# environment
VSCODE_HANDLES_UNCAUGHT_ERRORS = true
# automatic
^D = $(patsubst %/,%,$(dir $^))
# environment
XPC_FLAGS = 0x0
# default
MAKE = $(MAKE_COMMAND)
# default
MAKECMDGOALS := all
# environment
SHLVL = 1
# default
MAKE_VERSION := 3.81
# environment
USER = vtn2
# makefile
.DEFAULT_GOAL := all
# automatic
%D = $(patsubst %/,%,$(dir $%))
# makefile (from `makefile', line 10)
LFLAGS = -Wall
# default
MAKE_COMMAND := /Applications/Xcode.app/Contents/Developer/usr/bin/make
# default
.VARIABLES := 
# environment
TMPDIR = /var/folders/ch/nj5y0njj26v5ypchc30_5jv40000gp/T/
# automatic
*F = $(notdir $*)
# environment
VSCODE_IPC_HOOK = /Users/vtn2/Library/Application Support/Code/1.69.0-main.sock
# environment
MallocNanoZone = 0
# makefile (from `makefile', line 9)
LINKER = g++ -o
# makefile
MAKEFLAGS = Rrqp
# environment
MFLAGS = -Rrqp
# automatic
*D = $(patsubst %/,%,$(dir $*))
# environment
XPC_SERVICE_NAME = application.com.microsoft.VSCode.111409350.111409356
# automatic
+D = $(patsubst %/,%,$(dir $+))
# automatic
+F = $(notdir $+)
# environment
__CF_USER_TEXT_ENCODING = 0x1F6:0x0:0x0
# environment
COMMAND_MODE = unix2003
# default
MAKEFILES := 
# automatic
<F = $(notdir $<)
# environment
LC_ALL = C
# environment
SECURITYSESSIONID = 186a5
# automatic
^F = $(notdir $^)
# default
SUFFIXES := 
# default
.INCLUDE_DIRS = /usr/local/include
# environment
MAKELEVEL := 0
# makefile (from `makefile', line 13)
OBJECTS := Vec.o App.o
# environment
LANG = C
# environment
VSCODE_PID = 497
# makefile (from `makefile', line 3)
TEST_TARGET = tester
# variable set hash-table stats:
# Load=71/1024=7%, Rehash=0, Collisions=2/107=2%

# Pattern-specific Variable Values
 

# No pattern-specific variable values.

# Directories

# . (device 16777220, inode 111592953): 16 files, no impossibilities.

# 16 files, no impossibilities in 1 directories.

# Implicit Rules

# No implicit rules.

# Files

# Not a target:
Vec.h:
#  Implicit rule search has been done.
#  Last modified 2022-07-11 14:20:51
#  File has been updated.
#  Successfully updated.
# variable set hash-table stats:
# Load=0/32=0%, Rehash=0, Collisions=0/0=0%

all: proj4 tester
#  Phony target (prerequisite of .PHONY).
#  Command-line target.
#  Implicit rule search has not been done.
#  File does not exist.
#  File has been updated.
#  Needs to be updated (-q is set).
# variable set hash-table stats:
# Load=0/32=0%, Rehash=0, Collisions=0/5=0%

.PHONY: obj clean all
#  Implicit rule search has not been done.
#  Modification time never checked.
#  File has not been updated.

proj4: obj main.o
#  Implicit rule search has not been done.
#  File does not exist.
#  File has been updated.
#  Needs to be updated (-q is set).
# variable set hash-table stats:
# Load=0/32=0%, Rehash=0, Collisions=0/5=0%
#  commands to execute (from `makefile', line 21):
	$(LINKER) $(TARGET) $(LFLAGS) $(OBJECTS) main.o
	@echo "Linking complete!"
	

# Not a target:
Vec.cpp:
#  Implicit rule search has been done.
#  Last modified 2022-07-11 14:20:51
#  File has been updated.
#  Successfully updated.
# variable set hash-table stats:
# Load=0/32=0%, Rehash=0, Collisions=0/0=0%

# Not a target:
tests.o:
#  Implicit rule search has not been done.
#  Modification time never checked.
#  File has not been updated.

# Not a target:
.SUFFIXES:
#  Implicit rule search has not been done.
#  Modification time never checked.
#  File has not been updated.

tester: obj tests.o
#  Implicit rule search has not been done.
#  Modification time never checked.
#  File has not been updated.
#  commands to execute (from `makefile', line 25):
	$(LINKER) $(TEST_TARGET) $(LFLAGS) $(OBJECTS) tests.o
	@echo "Linking complete!"
	

# Not a target:
makefile:
#  Implicit rule search has been done.
#  Last modified 2022-07-12 10:14:18
#  File has been updated.
#  Successfully updated.
# variable set hash-table stats:
# Load=0/32=0%, Rehash=0, Collisions=0/0=0%

# Not a target:
main.cpp:
#  Implicit rule search has been done.
#  Last modified 2022-07-12 10:16:05
#  File has been updated.
#  Successfully updated.
# variable set hash-table stats:
# Load=0/32=0%, Rehash=0, Collisions=0/0=0%

obj: Vec.cpp App.cpp App.h Vec.h tests.cpp main.cpp
#  Phony target (prerequisite of .PHONY).
#  Implicit rule search has not been done.
#  Implicit/static pattern stem: `'
#  File does not exist.
#  File has been updated.
#  Needs to be updated (-q is set).
# automatic
# @ := obj
# automatic
# % := 
# automatic
# * := 
# automatic
# + := Vec.cpp App.cpp App.h Vec.h tests.cpp main.cpp
# automatic
# | := 
# automatic
# < := Vec.cpp
# automatic
# ^ := Vec.cpp App.cpp App.h Vec.h tests.cpp main.cpp
# automatic
# ? := Vec.cpp App.cpp App.h Vec.h tests.cpp main.cpp
# variable set hash-table stats:
# Load=8/32=25%, Rehash=0, Collisions=3/13=23%
#  commands to execute (from `makefile', line 29):
	$(CPP) $(CPPFLAGS) $(SOURCES) tests.cpp main.cpp
	@echo "Compilation complete!"
	

# Not a target:
.DEFAULT:
#  Implicit rule search has not been done.
#  Modification time never checked.
#  File has not been updated.

clean:
#  Phony target (prerequisite of .PHONY).
#  Implicit rule search has not been done.
#  File does not exist.
#  File has not been updated.
#  commands to execute (from `makefile', line 33):
	$(rm) $(TARGET) $(TEST_TARGET) $(OBJECTS) tests.o main.o
	@echo "Cleanup complete!"
	

# Not a target:
App.h:
#  Implicit rule search has been done.
#  Last modified 2022-07-12 09:58:17
#  File has been updated.
#  Successfully updated.
# variable set hash-table stats:
# Load=0/32=0%, Rehash=0, Collisions=0/0=0%

# Not a target:
tests.cpp:
#  Implicit rule search has been done.
#  Last modified 2022-07-11 15:52:20
 
#  File has been updated.
#  Successfully updated.
# variable set hash-table stats:
# Load=0/32=0%, Rehash=0, Collisions=0/0=0%

# Not a target:
main.o:
#  Implicit rule search has not been done.
#  Modification time never checked.
#  File has not been updated.

# Not a target:
App.cpp:
#  Implicit rule search has been done.
#  Last modified 2022-07-12 09:58:17
#  File has been updated.
#  Successfully updated.
# variable set hash-table stats:
# Load=0/32=0%, Rehash=0, Collisions=0/0=0%

# files hash-table stats:
# Load=17/1024=2%, Rehash=0, Collisions=0/46=0%
# VPATH Search Paths

# No `vpath' search paths.

# No general (`VPATH' variable) search path.

# # of strings in strcache: 1
# # of strcache buffers: 1
# strcache size: total = 4096 / max = 4096 / min = 4096 / avg = 4096
# strcache free: total = 4087 / max = 4087 / min = 4087 / avg = 4087

# Finished Make data base on Tue Jul 12 11:07:29 2022

 
